PLINK v1.90b7.2 64-bit (11 Dec 2023)
Options in effect:
  --23file data/SNP_raw_v4_Full_20170514175358.txt
  --out results/plink/snps_clean
  --output-chr MT
  --recode vcf
  --snps-only just-acgt

Hostname: artemvaska-PC
Working directory: /home/artemvaska/BI/Practice/Project_5
Start time: Fri Feb 16 18:30:24 2024

Random number seed: 1708097424
15831 MB RAM detected; reserving 7915 MB for main workspace.
--23file: results/plink/snps_clean-temporary.bed +
results/plink/snps_clean-temporary.bim + results/plink/snps_clean-temporary.fam
written.
15125 variants with indel calls present.  '--snps-only no-DI' or
--list-23-indels may be useful here.
Inferred sex: male.
595401 out of 610526 variants loaded from .bim file.
1 person (1 male, 0 females) loaded from .fam.
Using 1 thread (no multithreaded calculations invoked).
Before main variant filters, 1 founder and 0 nonfounders present.
Calculating allele frequencies... done.
Warning: 103 het. haploid genotypes present (see results/plink/snps_clean.hh );
many commands treat these as missing.
Total genotyping rate is 0.989246.
595401 variants and 1 person pass filters and QC.
Note: No phenotypes present.
--recode vcf to results/plink/snps_clean.vcf ... done.

End time: Fri Feb 16 18:30:24 2024
